<?xml version="1.0" encoding="UTF-8"?>
<!-- Generated by org.testng.reporters.JUnitReportReporter -->
<testsuite hostname="DESKTOP-OEG67GO" failures="0" tests="1" name="org.vrp.utils.common.JMarshallTest" time="1.176" errors="0" timestamp="2023-01-08T10:20:48 GMT" skipped="0">
  <testcase classname="org.vrp.utils.common.JMarshallTest" name="getFieldIndexTest" time="1.176"/>
  <system-out/>
</testsuite> <!-- org.vrp.utils.common.JMarshallTest -->
